2022-05-24 18:31:31,176 INFO  [restartedMain] com.prorent.carrental.CarRentalServiceApplication:Starting CarRentalServiceApplication using Java 17.0.1 on DESKTOP-23QVBVH with PID 5220 (C:\Users\User\Documents\workspace-spring-tool-suite-4-4.13.1.RELEASE\CarRentalService\target\classes started by User in C:\Users\User\Documents\workspace-spring-tool-suite-4-4.13.1.RELEASE\CarRentalService)
2022-05-24 18:31:31,179 INFO  [restartedMain] com.prorent.carrental.CarRentalServiceApplication:No active profile set, falling back to 1 default profile: "default"
2022-05-24 18:31:31,347 INFO  [restartedMain] org.springframework.boot.devtools.env.DevToolsPropertyDefaultsPostProcessor:Devtools property defaults active! Set 'spring.devtools.add-properties' to 'false' to disable
2022-05-24 18:31:31,351 INFO  [restartedMain] org.springframework.boot.devtools.env.DevToolsPropertyDefaultsPostProcessor:For additional web related logging consider setting the 'logging.level.web' property to 'DEBUG'
2022-05-24 18:31:33,534 INFO  [restartedMain] org.springframework.data.repository.config.RepositoryConfigurationDelegate:Bootstrapping Spring Data JPA repositories in DEFAULT mode.
2022-05-24 18:31:33,721 INFO  [restartedMain] org.springframework.data.repository.config.RepositoryConfigurationDelegate:Finished Spring Data repository scanning in 160 ms. Found 1 JPA repository interfaces.
2022-05-24 18:31:35,401 INFO  [restartedMain] org.springframework.boot.web.embedded.tomcat.TomcatWebServer:Tomcat initialized with port(s): 9090 (http)
2022-05-24 18:31:35,432 INFO  [restartedMain] org.apache.catalina.core.StandardService:Starting service [Tomcat]
2022-05-24 18:31:35,433 INFO  [restartedMain] org.apache.catalina.core.StandardEngine:Starting Servlet engine: [Apache Tomcat/9.0.63]
2022-05-24 18:31:35,733 INFO  [restartedMain] org.apache.catalina.core.ContainerBase.[Tomcat].[localhost].[/car-rental/api]:Initializing Spring embedded WebApplicationContext
2022-05-24 18:31:35,735 INFO  [restartedMain] org.springframework.boot.web.servlet.context.ServletWebServerApplicationContext:Root WebApplicationContext: initialization completed in 4382 ms
2022-05-24 18:31:36,251 INFO  [restartedMain] org.hibernate.jpa.internal.util.LogHelper:HHH000204: Processing PersistenceUnitInfo [name: default]
2022-05-24 18:31:36,511 INFO  [restartedMain] org.hibernate.Version:HHH000412: Hibernate ORM core version 5.6.9.Final
2022-05-24 18:31:37,112 INFO  [restartedMain] org.hibernate.annotations.common.Version:HCANN000001: Hibernate Commons Annotations {5.1.2.Final}
2022-05-24 18:31:37,456 INFO  [restartedMain] com.zaxxer.hikari.HikariDataSource:HikariPool-1 - Starting...
2022-05-24 18:31:37,966 INFO  [restartedMain] com.zaxxer.hikari.HikariDataSource:HikariPool-1 - Start completed.
2022-05-24 18:31:38,027 INFO  [restartedMain] org.hibernate.dialect.Dialect:HHH000400: Using dialect: org.hibernate.dialect.PostgreSQLDialect
2022-05-24 18:31:40,879 INFO  [restartedMain] org.hibernate.engine.transaction.jta.platform.internal.JtaPlatformInitiator:HHH000490: Using JtaPlatform implementation: [org.hibernate.engine.transaction.jta.platform.internal.NoJtaPlatform]
2022-05-24 18:31:40,916 INFO  [restartedMain] org.springframework.orm.jpa.LocalContainerEntityManagerFactoryBean:Initialized JPA EntityManagerFactory for persistence unit 'default'
2022-05-24 18:31:41,852 WARN  [restartedMain] org.springframework.boot.autoconfigure.orm.jpa.JpaBaseConfiguration$JpaWebConfiguration:spring.jpa.open-in-view is enabled by default. Therefore, database queries may be performed during view rendering. Explicitly configure spring.jpa.open-in-view to disable this warning
2022-05-24 18:31:43,012 INFO  [restartedMain] org.springframework.boot.devtools.autoconfigure.OptionalLiveReloadServer:LiveReload server is running on port 35729
2022-05-24 18:31:43,123 INFO  [restartedMain] org.springframework.boot.web.embedded.tomcat.TomcatWebServer:Tomcat started on port(s): 9090 (http) with context path '/car-rental/api'
2022-05-24 18:31:43,150 INFO  [restartedMain] com.prorent.carrental.CarRentalServiceApplication:Started CarRentalServiceApplication in 13.987 seconds (JVM running for 17.065)
2022-05-24 18:39:11,578 INFO  [RMI TCP Connection(11)-127.0.0.1] org.springframework.boot.admin.SpringApplicationAdminMXBeanRegistrar$SpringApplicationAdmin:Application shutdown requested.
2022-05-24 18:39:11,627 INFO  [RMI TCP Connection(11)-127.0.0.1] org.springframework.orm.jpa.LocalContainerEntityManagerFactoryBean:Closing JPA EntityManagerFactory for persistence unit 'default'
2022-05-24 18:39:11,639 INFO  [RMI TCP Connection(11)-127.0.0.1] com.zaxxer.hikari.HikariDataSource:HikariPool-1 - Shutdown initiated...
2022-05-24 18:39:11,656 INFO  [RMI TCP Connection(11)-127.0.0.1] com.zaxxer.hikari.HikariDataSource:HikariPool-1 - Shutdown completed.
2022-05-24 18:43:09,815 INFO  [restartedMain] com.prorent.carrental.CarRentalServiceApplication:Starting CarRentalServiceApplication using Java 17.0.1 on DESKTOP-23QVBVH with PID 7860 (C:\Users\User\Documents\workspace-spring-tool-suite-4-4.13.1.RELEASE\CarRentalService\target\classes started by User in C:\Users\User\Documents\workspace-spring-tool-suite-4-4.13.1.RELEASE\CarRentalService)
2022-05-24 18:43:09,821 INFO  [restartedMain] com.prorent.carrental.CarRentalServiceApplication:No active profile set, falling back to 1 default profile: "default"
2022-05-24 18:43:10,062 INFO  [restartedMain] org.springframework.boot.devtools.env.DevToolsPropertyDefaultsPostProcessor:Devtools property defaults active! Set 'spring.devtools.add-properties' to 'false' to disable
2022-05-24 18:43:10,062 INFO  [restartedMain] org.springframework.boot.devtools.env.DevToolsPropertyDefaultsPostProcessor:For additional web related logging consider setting the 'logging.level.web' property to 'DEBUG'
2022-05-24 18:43:12,516 INFO  [restartedMain] org.springframework.data.repository.config.RepositoryConfigurationDelegate:Bootstrapping Spring Data JPA repositories in DEFAULT mode.
2022-05-24 18:43:12,685 INFO  [restartedMain] org.springframework.data.repository.config.RepositoryConfigurationDelegate:Finished Spring Data repository scanning in 143 ms. Found 1 JPA repository interfaces.
2022-05-24 18:43:14,707 INFO  [restartedMain] org.springframework.boot.web.embedded.tomcat.TomcatWebServer:Tomcat initialized with port(s): 9090 (http)
2022-05-24 18:43:14,746 INFO  [restartedMain] org.apache.catalina.core.StandardService:Starting service [Tomcat]
2022-05-24 18:43:14,747 INFO  [restartedMain] org.apache.catalina.core.StandardEngine:Starting Servlet engine: [Apache Tomcat/9.0.63]
2022-05-24 18:43:15,437 INFO  [restartedMain] org.apache.catalina.core.ContainerBase.[Tomcat].[localhost].[/car-rental/api]:Initializing Spring embedded WebApplicationContext
2022-05-24 18:43:15,447 INFO  [restartedMain] org.springframework.boot.web.servlet.context.ServletWebServerApplicationContext:Root WebApplicationContext: initialization completed in 5382 ms
2022-05-24 18:43:16,164 INFO  [restartedMain] org.hibernate.jpa.internal.util.LogHelper:HHH000204: Processing PersistenceUnitInfo [name: default]
2022-05-24 18:43:16,420 INFO  [restartedMain] org.hibernate.Version:HHH000412: Hibernate ORM core version 5.6.9.Final
2022-05-24 18:43:17,169 INFO  [restartedMain] org.hibernate.annotations.common.Version:HCANN000001: Hibernate Commons Annotations {5.1.2.Final}
2022-05-24 18:43:17,649 INFO  [restartedMain] com.zaxxer.hikari.HikariDataSource:HikariPool-1 - Starting...
2022-05-24 18:43:18,207 INFO  [restartedMain] com.zaxxer.hikari.HikariDataSource:HikariPool-1 - Start completed.
2022-05-24 18:43:18,268 INFO  [restartedMain] org.hibernate.dialect.Dialect:HHH000400: Using dialect: org.hibernate.dialect.PostgreSQLDialect
2022-05-24 18:43:21,289 INFO  [restartedMain] org.hibernate.engine.transaction.jta.platform.internal.JtaPlatformInitiator:HHH000490: Using JtaPlatform implementation: [org.hibernate.engine.transaction.jta.platform.internal.NoJtaPlatform]
2022-05-24 18:43:21,316 INFO  [restartedMain] org.springframework.orm.jpa.LocalContainerEntityManagerFactoryBean:Initialized JPA EntityManagerFactory for persistence unit 'default'
2022-05-24 18:43:22,236 WARN  [restartedMain] org.springframework.boot.autoconfigure.orm.jpa.JpaBaseConfiguration$JpaWebConfiguration:spring.jpa.open-in-view is enabled by default. Therefore, database queries may be performed during view rendering. Explicitly configure spring.jpa.open-in-view to disable this warning
2022-05-24 18:43:23,256 WARN  [restartedMain] org.springframework.boot.autoconfigure.security.servlet.UserDetailsServiceAutoConfiguration:

Using generated security password: 5d4d5b6b-5e70-48c7-8908-05ad45894bce

This generated password is for development use only. Your security configuration must be updated before running your application in production.

2022-05-24 18:43:23,683 INFO  [restartedMain] org.springframework.security.web.DefaultSecurityFilterChain:Will secure any request with [org.springframework.security.web.session.DisableEncodeUrlFilter@1cd26eb6, org.springframework.security.web.context.request.async.WebAsyncManagerIntegrationFilter@666b609c, org.springframework.security.web.context.SecurityContextPersistenceFilter@168d7499, org.springframework.security.web.header.HeaderWriterFilter@49915ec4, org.springframework.security.web.csrf.CsrfFilter@44cdc3b5, org.springframework.security.web.authentication.logout.LogoutFilter@651aed16, org.springframework.security.web.authentication.UsernamePasswordAuthenticationFilter@606d154d, org.springframework.security.web.authentication.ui.DefaultLoginPageGeneratingFilter@4ce5c10d, org.springframework.security.web.authentication.ui.DefaultLogoutPageGeneratingFilter@723130f2, org.springframework.security.web.authentication.www.BasicAuthenticationFilter@7b303e7e, org.springframework.security.web.savedrequest.RequestCacheAwareFilter@98d23eb, org.springframework.security.web.servletapi.SecurityContextHolderAwareRequestFilter@7601e04, org.springframework.security.web.authentication.AnonymousAuthenticationFilter@13b333a8, org.springframework.security.web.session.SessionManagementFilter@49d76eba, org.springframework.security.web.access.ExceptionTranslationFilter@40a18cdb, org.springframework.security.web.access.intercept.FilterSecurityInterceptor@3acedfbd]
2022-05-24 18:43:23,840 INFO  [restartedMain] org.springframework.boot.devtools.autoconfigure.OptionalLiveReloadServer:LiveReload server is running on port 35729
2022-05-24 18:43:23,997 INFO  [restartedMain] org.springframework.boot.web.embedded.tomcat.TomcatWebServer:Tomcat started on port(s): 9090 (http) with context path '/car-rental/api'
2022-05-24 18:43:24,038 INFO  [restartedMain] com.prorent.carrental.CarRentalServiceApplication:Started CarRentalServiceApplication in 16.064 seconds (JVM running for 21.263)
2022-05-24 18:45:55,545 INFO  [http-nio-9090-exec-2] org.apache.catalina.core.ContainerBase.[Tomcat].[localhost].[/car-rental/api]:Initializing Spring DispatcherServlet 'dispatcherServlet'
2022-05-24 18:45:55,546 INFO  [http-nio-9090-exec-2] org.springframework.web.servlet.DispatcherServlet:Initializing Servlet 'dispatcherServlet'
2022-05-24 18:45:55,548 INFO  [http-nio-9090-exec-2] org.springframework.web.servlet.DispatcherServlet:Completed initialization in 2 ms
2022-05-24 18:45:56,164 WARN  [http-nio-9090-exec-2] org.apache.catalina.util.SessionIdGeneratorBase:Creation of SecureRandom instance for session ID generation using [SHA1PRNG] took [518] milliseconds.
2022-05-24 18:51:56,137 WARN  [http-nio-9090-exec-8] org.springframework.web.servlet.mvc.annotation.ResponseStatusExceptionResolver:Resolved [com.prorent.carrental.exception.ResourceNotFoundException: id not found : 1]
2022-05-24 18:56:43,836 INFO  [RMI TCP Connection(18)-127.0.0.1] org.springframework.boot.admin.SpringApplicationAdminMXBeanRegistrar$SpringApplicationAdmin:Application shutdown requested.
2022-05-24 18:56:43,905 INFO  [RMI TCP Connection(18)-127.0.0.1] org.springframework.orm.jpa.LocalContainerEntityManagerFactoryBean:Closing JPA EntityManagerFactory for persistence unit 'default'
2022-05-24 18:56:43,914 INFO  [RMI TCP Connection(18)-127.0.0.1] com.zaxxer.hikari.HikariDataSource:HikariPool-1 - Shutdown initiated...
2022-05-24 18:56:43,935 INFO  [RMI TCP Connection(18)-127.0.0.1] com.zaxxer.hikari.HikariDataSource:HikariPool-1 - Shutdown completed.
